TN:
SF:src/database/knex/enviroment.ts
FN:19,afterCreate
FNF:1
FNH:1
FNDA:1,afterCreate
DA:1,1
DA:2,1
DA:3,1
DA:4,1
DA:5,1
DA:6,1
DA:7,1
DA:8,1
DA:9,1
DA:10,1
DA:11,1
DA:12,1
DA:13,1
DA:14,1
DA:15,1
DA:16,1
DA:17,1
DA:18,1
DA:19,1
DA:20,1
DA:21,1
DA:22,1
DA:23,1
DA:24,1
DA:25,1
DA:26,1
DA:27,1
DA:28,1
DA:29,1
DA:30,1
DA:31,1
DA:32,1
DA:33,1
LF:33
LH:33
BRDA:19,0,0,1
BRF:1
BRH:1
end_of_record
TN:
SF:src/database/knex/index.ts
FN:4,getEnviroment
FNF:1
FNH:1
FNDA:1,getEnviroment
DA:1,1
DA:2,1
DA:3,1
DA:4,1
DA:5,1
DA:6,1
DA:7,1
DA:8,1
DA:9,0
DA:10,1
DA:11,0
DA:12,1
DA:13,1
DA:14,1
DA:15,1
LF:15
LH:13
BRDA:4,0,0,1
BRDA:8,1,0,0
BRDA:10,2,0,0
BRF:3
BRH:1
end_of_record
TN:
SF:src/database/migrations/20240919104257_create_users.ts
FN:3,up
FN:15,down
FNF:2
FNH:1
FNDA:1,up
FNDA:0,down
DA:1,1
DA:2,1
DA:3,1
DA:4,1
DA:5,1
DA:6,1
DA:7,1
DA:8,1
DA:9,1
DA:10,1
DA:11,1
DA:12,1
DA:13,1
DA:14,1
DA:15,0
DA:16,0
DA:17,0
LF:17
LH:14
BRDA:3,0,0,1
BRDA:4,1,0,1
BRF:2
BRH:2
end_of_record
TN:
SF:src/database/migrations/20240922104258_create_stops.ts
FN:3,up
FN:16,down
FNF:2
FNH:1
FNDA:1,up
FNDA:0,down
DA:1,1
DA:2,1
DA:3,1
DA:4,1
DA:5,1
DA:6,1
DA:7,1
DA:8,1
DA:9,1
DA:10,1
DA:11,1
DA:12,1
DA:13,1
DA:14,1
DA:15,1
DA:16,0
DA:17,0
DA:18,0
LF:18
LH:15
BRDA:3,0,0,1
BRDA:4,1,0,1
BRF:2
BRH:2
end_of_record
TN:
SF:src/repository/userRepository.ts
FN:5,UserRepository
FN:9,getUsers
FNF:2
FNH:2
FNDA:1,UserRepository
FNDA:1,getUsers
DA:1,1
DA:2,1
DA:3,1
DA:4,1
DA:5,1
DA:6,1
DA:7,1
DA:8,1
DA:9,1
DA:10,1
DA:11,1
DA:12,1
DA:13,1
DA:14,1
DA:15,1
DA:16,1
DA:17,0
DA:18,1
DA:19,1
DA:20,1
DA:21,1
DA:22,1
DA:23,0
DA:24,0
DA:25,1
DA:26,1
DA:27,1
DA:28,1
DA:29,1
DA:30,1
LF:30
LH:27
BRDA:5,0,0,1
BRDA:9,1,0,1
BRDA:22,2,0,0
BRDA:13,3,0,1
BRDA:19,4,0,1
BRF:5
BRH:4
end_of_record
